date: 2014-01-14 16:37:48.879
argv: node /usr/local/bin/hexo server
os: Darwin 13.0.1 darwin x64
version:
  hexo: 2.4.2
  http_parser: 1.0
  node: 0.10.21
  v8: 3.14.5.9
  ares: 1.9.0-DEV
  uv: 0.10.18
  zlib: 1.2.3
  modules: 11
  openssl: 1.0.1e
---

[debug] 16:36:39.546 Configuration file load successfully
[debug] 16:36:39.548 Version info checked successfully
[debug] 16:36:39.579 Loading database.
[debug] 16:36:39.610 Theme layout loaded
[debug] 16:36:39.619 Theme configuration loaded
[debug] 16:36:39.645 Theme source loaded
[debug] 16:36:39.710 Theme language files loaded
[debug] 16:36:39.754 Processed: _posts/android-tips-and-tricks.md
[debug] 16:36:39.754 Processed: _posts/first-post.md
[debug] 16:36:39.754 Processed: _posts/hello-world.md
[debug] 16:36:39.755 Processed: _posts/living-with-glass.md
[debug] 16:36:39.755 Processed: _posts/semester-spring-2014-.md
[debug] 16:36:39.760 Cache saved
[info] 16:36:39.881 Hexo is running at localhost:4000/hexo/. Press Ctrl+C to stop.
[debug] 16:36:48.960 Render index: 
[debug] 16:37:13.804 Render tag: tags/school/
[update] 16:37:41.431 Source: _posts/android-tips-and-tricks.md
[debug] 16:37:41.545 Processed: _posts/android-tips-and-tricks.md
[debug] 16:37:41.546 Cache saved
[update] 16:37:48.768 Source: _posts/android-tips-and-tricks.md
[error] 16:37:48.876 { rawMessage: 'Unexpected characters near "] developer".',
  parsedLine: 3,
  snippet: 'tags: [android] developer',
  parsedFile: null,
  message: 'Unexpected characters near "] developer" at line 3 (near "tags: [android] developer").',
  domain: 
   { domain: null,
     _events: { error: [Function] },
     _maxListeners: 10,
     members: [],
     _disposed: true },
  domainThrown: true }